Initialising seal
Reading data
Encrypting ratings
Creating embeddings
Creating CSP Instance
Creating RecSys Instance
Running Gradient Descent
Computing results for user 1
Decrypted results for user 1:
861
541
989
669
477
157
605
124
221
541
669
541
93
124
797
90
413
157
188
285
29
29
93
157
541
925
669
797
285
29
733
733
188
477
541
861
221
669
124
252
349
285
989
29
669
733
157
925
93
989
477
252
124
124
188
285
29
733
124
413
797
669
477
157
157
29
60
989
157
252
29
477
157
93
349
797
29
157
413
349
797
349
605
413
252
221
477
797
316
188
188
989
797
797
605
90
93
349
157
29
188
733
925
925
285
29
252
669
669
861
252
285
157
669
797
797
188
157
188
349
861
93
797
733
989
669
797
188
861
477
124
124
797
90
157
669
733
861
541
349
90
733
93
157
733
285
349
605
93
733
413
733
285
989
444
29
29
541
669
989
797
124
508
413
669
93
541
413
93
669
989
221
413
797
285
477
669
285
188
221
605
605
541
669
29
733
157
925
861
541
477
124
413
605
477
669
797
157
733
541
797
861
29
861
413
541
93
861
861
349
349
541
989
797
605
477
861
733
541
797
541
861
989
221
861
477
221
989
93
797
669
541
669
285
797
157
733
477
349
413
861
925
733
861
861
989
349
221
605
413
669
733
797
733
733
861
541
413
797
989
221
Finished
