Initialising seal
Reading data
Encrypting ratings
Creating embeddings
Creating CSP Instance
Creating RecSys Instance
Running Gradient Descent
Computing results for user 1
Decrypted results for user 1:
662
726
22
662
726
726
726
726
86
470
470
790
662
918
982
982
918
662
726
790
662
342
790
342
982
726
662
854
726
534
726
342
918
918
662
726
854
598
854
854
790
918
598
278
918
854
726
662
86
790
790
854
918
662
726
726
726
598
726
86
854
150
278
790
86
726
854
854
86
598
662
534
726
918
918
150
726
918
470
662
790
790
598
406
534
726
598
918
726
726
662
854
790
918
854
982
22
790
470
726
Finished
